<?xml version="1.0" encoding="UTF-8"?>
<!-- Generated by org.testng.reporters.JUnitXMLReporter -->
<testsuite ignored="0" hostname="DESKTOP-PEFDB2S" failures="0" tests="1" name="Default test" time="0.199" errors="0" timestamp="2022-11-01T13:58:00 IST">
  <testcase classname="test.VerifyCoursesDemo" name="@BeforeTest launchBrowser" time="-1.66729128038E9">
    <failure type="org.testng.TestNGException" message="
Parameter &amp;apos;browser&amp;apos; is required by BeforeTest on method launchBrowser but has not been marked @Optional or defined
in C:\Users\INFINITY\AppData\Local\Temp\testng-eclipse-673580900\testng-customsuite.xml">
      <![CDATA[org.testng.TestNGException: 
Parameter 'browser' is required by BeforeTest on method launchBrowser but has not been marked @Optional or defined
in C:\Users\INFINITY\AppData\Local\Temp\testng-eclipse-673580900\testng-customsuite.xml
at org.testng.internal.Parameters.createParams(Parameters.java:270)
at org.testng.internal.Parameters.createParametersForMethod(Parameters.java:358)
at org.testng.internal.Parameters.createParameters(Parameters.java:700)
at org.testng.internal.Parameters.createConfigurationParameters(Parameters.java:168)
at org.testng.internal.ConfigInvoker.invokeConfigurations(ConfigInvoker.java:302)
at org.testng.TestRunner.invokeTestConfigurations(TestRunner.java:637)
at org.testng.TestRunner.beforeRun(TestRunner.java:627)
at org.testng.TestRunner.run(TestRunner.java:589)
at org.testng.SuiteRunner.runTest(SuiteRunner.java:377)
at org.testng.SuiteRunner.runSequentially(SuiteRunner.java:371)
at org.testng.SuiteRunner.privateRun(SuiteRunner.java:332)
at org.testng.SuiteRunner.run(SuiteRunner.java:276)
at org.testng.SuiteRunnerWorker.runSuite(SuiteRunnerWorker.java:53)
at org.testng.SuiteRunnerWorker.run(SuiteRunnerWorker.java:96)
at org.testng.TestNG.runSuitesSequentially(TestNG.java:1212)
at org.testng.TestNG.runSuitesLocally(TestNG.java:1134)
at org.testng.TestNG.runSuites(TestNG.java:1063)
at org.testng.TestNG.run(TestNG.java:1031)
at org.testng.remote.AbstractRemoteTestNG.run(AbstractRemoteTestNG.java:115)
at org.testng.remote.RemoteTestNG.initAndRun(RemoteTestNG.java:251)
at org.testng.remote.RemoteTestNG.main(RemoteTestNG.java:77)
]]>
    </failure>
  </testcase> <!-- @BeforeTest launchBrowser -->
  <testcase classname="test.VerifyCoursesDemo" name="@BeforeClass callMethods" time="-1.667291280468E9">
    <skipped/>
  </testcase> <!-- @BeforeClass callMethods -->
  <testcase classname="test.VerifyCoursesDemo" name="@BeforeMethod launchAplication" time="-1.66729128052E9">
    <skipped/>
  </testcase> <!-- @BeforeMethod launchAplication -->
  <testcase classname="test.VerifyCoursesDemo" name="@AfterMethod clearMethods" time="-1.667291280538E9">
    <skipped/>
  </testcase> <!-- @AfterMethod clearMethods -->
  <testcase classname="test.VerifyCoursesDemo" name="@AfterClass logout" time="-1.667291280547E9">
    <skipped/>
  </testcase> <!-- @AfterClass logout -->
  <testcase classname="test.VerifyCoursesDemo" name="@AfterTest closeBrowser" time="-1.667291280555E9">
    <skipped/>
  </testcase> <!-- @AfterTest closeBrowser -->
  <testcase classname="test.VerifyCoursesDemo" name="verifyValidateCourse" time="0.0">
    <skipped/>
  </testcase> <!-- verifyValidateCourse -->
</testsuite> <!-- Default test -->
